2016-10-20 13:45:51,813 [Worker-22] INFO  o.e.m.c.i.l.LifecycleMappingFactory - Using org.maven.ide.eclipse.wtp.WarLifecycleMapping lifecycle mapping for MavenProject: SpringMVC:SpringMVC:0.0.1-SNAPSHOT @ /Users/liamf/Desktop/YouSunkMyBattleship/SpringMVC/pom.xml.
2016-10-20 13:45:51,924 [Worker-22] WARN  o.e.m.c.i.embedder.EclipseLogger - The POM for org.mybatis:mybatis-spring:jar:1.1.0 is invalid, transitive dependencies (if any) will not be available, enable debug logging for more details
2016-10-20 13:45:53,565 [Worker-22] WARN  o.e.m.c.i.embedder.EclipseLogger - The POM for org.mybatis:mybatis-spring:jar:1.1.0 is invalid, transitive dependencies (if any) will not be available, enable debug logging for more details
2016-10-20 13:45:55,979 [Worker-11] WARN  o.e.m.c.i.embedder.EclipseLogger - The POM for org.mybatis:mybatis-spring:jar:1.1.0 is invalid, transitive dependencies (if any) will not be available, enable debug logging for more details
2016-10-20 13:45:56,181 [Worker-11] WARN  o.e.m.c.i.embedder.EclipseLogger - Using platform encoding (UTF-8 actually) to copy filtered resources, i.e. build is platform dependent!
2016-10-20 13:45:56,182 [Worker-11] INFO  o.e.m.c.i.embedder.EclipseLogger - skip non existing resourceDirectory /Users/liamf/Desktop/YouSunkMyBattleship/SpringMVC/src/main/resources
2016-10-20 13:45:56,187 [Worker-11] WARN  o.e.m.c.i.embedder.EclipseLogger - Using platform encoding (UTF-8 actually) to copy filtered resources, i.e. build is platform dependent!
2016-10-20 13:45:56,188 [Worker-11] INFO  o.e.m.c.i.embedder.EclipseLogger - skip non existing resourceDirectory /Users/liamf/Desktop/YouSunkMyBattleship/SpringMVC/src/test/resources
2016-10-20 13:46:11,141 [Worker-21] WARN  o.e.m.c.i.embedder.EclipseLogger - Using platform encoding (UTF-8 actually) to copy filtered resources, i.e. build is platform dependent!
2016-10-20 13:46:11,142 [Worker-21] INFO  o.e.m.c.i.embedder.EclipseLogger - skip non existing resourceDirectory /Users/liamf/Desktop/YouSunkMyBattleship/SpringMVC/src/main/resources
2016-10-20 13:46:11,144 [Worker-21] WARN  o.e.m.c.i.embedder.EclipseLogger - Using platform encoding (UTF-8 actually) to copy filtered resources, i.e. build is platform dependent!
2016-10-20 13:46:11,145 [Worker-21] INFO  o.e.m.c.i.embedder.EclipseLogger - skip non existing resourceDirectory /Users/liamf/Desktop/YouSunkMyBattleship/SpringMVC/src/test/resources
2016-10-20 13:46:16,797 [Worker-24] WARN  o.e.m.c.i.embedder.EclipseLogger - Using platform encoding (UTF-8 actually) to copy filtered resources, i.e. build is platform dependent!
2016-10-20 13:46:16,798 [Worker-24] INFO  o.e.m.c.i.embedder.EclipseLogger - skip non existing resourceDirectory /Users/liamf/Desktop/YouSunkMyBattleship/SpringMVC/src/main/resources
2016-10-20 13:46:16,800 [Worker-24] WARN  o.e.m.c.i.embedder.EclipseLogger - Using platform encoding (UTF-8 actually) to copy filtered resources, i.e. build is platform dependent!
2016-10-20 13:46:16,801 [Worker-24] INFO  o.e.m.c.i.embedder.EclipseLogger - skip non existing resourceDirectory /Users/liamf/Desktop/YouSunkMyBattleship/SpringMVC/src/test/resources
2016-10-20 13:46:27,108 [Worker-18] WARN  o.e.m.c.i.embedder.EclipseLogger - Using platform encoding (UTF-8 actually) to copy filtered resources, i.e. build is platform dependent!
2016-10-20 13:46:27,112 [Worker-18] INFO  o.e.m.c.i.embedder.EclipseLogger - skip non existing resourceDirectory /Users/liamf/Desktop/YouSunkMyBattleship/SpringMVC/src/main/resources
2016-10-20 13:46:27,114 [Worker-18] WARN  o.e.m.c.i.embedder.EclipseLogger - Using platform encoding (UTF-8 actually) to copy filtered resources, i.e. build is platform dependent!
2016-10-20 13:46:27,115 [Worker-18] INFO  o.e.m.c.i.embedder.EclipseLogger - skip non existing resourceDirectory /Users/liamf/Desktop/YouSunkMyBattleship/SpringMVC/src/test/resources
2016-10-20 13:46:39,999 [Worker-22] WARN  o.e.m.c.i.embedder.EclipseLogger - Using platform encoding (UTF-8 actually) to copy filtered resources, i.e. build is platform dependent!
2016-10-20 13:46:40,000 [Worker-22] INFO  o.e.m.c.i.embedder.EclipseLogger - skip non existing resourceDirectory /Users/liamf/Desktop/YouSunkMyBattleship/SpringMVC/src/main/resources
2016-10-20 13:46:40,001 [Worker-22] WARN  o.e.m.c.i.embedder.EclipseLogger - Using platform encoding (UTF-8 actually) to copy filtered resources, i.e. build is platform dependent!
2016-10-20 13:46:40,003 [Worker-22] INFO  o.e.m.c.i.embedder.EclipseLogger - skip non existing resourceDirectory /Users/liamf/Desktop/YouSunkMyBattleship/SpringMVC/src/test/resources
2016-10-20 13:46:48,541 [Worker-23] WARN  o.e.m.c.i.embedder.EclipseLogger - Using platform encoding (UTF-8 actually) to copy filtered resources, i.e. build is platform dependent!
2016-10-20 13:46:48,542 [Worker-23] INFO  o.e.m.c.i.embedder.EclipseLogger - skip non existing resourceDirectory /Users/liamf/Desktop/YouSunkMyBattleship/SpringMVC/src/main/resources
2016-10-20 13:46:48,543 [Worker-23] WARN  o.e.m.c.i.embedder.EclipseLogger - Using platform encoding (UTF-8 actually) to copy filtered resources, i.e. build is platform dependent!
2016-10-20 13:46:48,544 [Worker-23] INFO  o.e.m.c.i.embedder.EclipseLogger - skip non existing resourceDirectory /Users/liamf/Desktop/YouSunkMyBattleship/SpringMVC/src/test/resources
2016-10-20 13:47:31,736 [Worker-19] WARN  o.e.m.c.i.embedder.EclipseLogger - Using platform encoding (UTF-8 actually) to copy filtered resources, i.e. build is platform dependent!
2016-10-20 13:47:31,736 [Worker-19] INFO  o.e.m.c.i.embedder.EclipseLogger - skip non existing resourceDirectory /Users/liamf/Desktop/YouSunkMyBattleship/SpringMVC/src/main/resources
2016-10-20 13:47:31,737 [Worker-19] WARN  o.e.m.c.i.embedder.EclipseLogger - Using platform encoding (UTF-8 actually) to copy filtered resources, i.e. build is platform dependent!
2016-10-20 13:47:31,738 [Worker-19] INFO  o.e.m.c.i.embedder.EclipseLogger - skip non existing resourceDirectory /Users/liamf/Desktop/YouSunkMyBattleship/SpringMVC/src/test/resources
2016-10-20 13:47:37,623 [Worker-5] WARN  o.e.m.c.i.embedder.EclipseLogger - Using platform encoding (UTF-8 actually) to copy filtered resources, i.e. build is platform dependent!
2016-10-20 13:47:37,624 [Worker-5] INFO  o.e.m.c.i.embedder.EclipseLogger - skip non existing resourceDirectory /Users/liamf/Desktop/YouSunkMyBattleship/SpringMVC/src/main/resources
2016-10-20 13:47:37,629 [Worker-5] WARN  o.e.m.c.i.embedder.EclipseLogger - Using platform encoding (UTF-8 actually) to copy filtered resources, i.e. build is platform dependent!
2016-10-20 13:47:37,629 [Worker-5] INFO  o.e.m.c.i.embedder.EclipseLogger - skip non existing resourceDirectory /Users/liamf/Desktop/YouSunkMyBattleship/SpringMVC/src/test/resources
